<?xml version="1.0" encoding="UTF-8"?>
<testsuite name="com.example.MainTest" tests="2" skipped="0" failures="0" errors="0" timestamp="2025-08-29T20:05:31.732Z" hostname="THINKBOOK" time="0.142">
  <properties/>
  <testcase name="testMainClassExists()" classname="com.example.MainTest" time="0.137"/>
  <testcase name="testMainMethodExists()" classname="com.example.MainTest" time="0.002"/>
  <system-out><![CDATA[]]></system-out>
  <system-err><![CDATA[]]></system-err>
</testsuite>
